CsvDataParser.parse 4ms
DefaultWaterBillChartRepository.load 16ms
DefaultWaterBillChartRepository.getWaterBillByUsage 2ms
DefaultWaterBillService.calculateWaterBill 7ms
DefaultWaterBillReport.generateReport 12ms
CsvDataParser.parse 6ms
DefaultWaterBillChartRepository.load 15ms
DefaultWaterBillChartRepository.getWaterBillByUsage 1ms
DefaultWaterBillService.calculateWaterBill 4ms
DefaultWaterBillReport.generateReport 8ms
Exception encountered during context initialization - cancelling refresh attempt: org.springframework.beans.factory.UnsatisfiedDependencyException: Error creating bean with name 'defaultWaterBillChartRepository' defined in file [/Users/gimseonghyeon/Desktop/springAssignment/assignment2/water-charge-carculator/target/classes/com/nhnacademy/edu/springframework/repository/impl/DefaultWaterBillChartRepository.class]: Unsatisfied dependency expressed through constructor parameter 0; nested exception is org.springframework.beans.factory.NoUniqueBeanDefinitionException: No qualifying bean of type 'com.nhnacademy.edu.springframework.parser.DataParser' available: expected single matching bean but found 2: csvDataParser,JSONDataParser
Exception encountered during context initialization - cancelling refresh attempt: org.springframework.beans.factory.UnsatisfiedDependencyException: Error creating bean with name 'defaultWaterBillChartRepository' defined in file [/Users/gimseonghyeon/Desktop/springAssignment/assignment2/water-charge-carculator/target/classes/com/nhnacademy/edu/springframework/repository/impl/DefaultWaterBillChartRepository.class]: Unsatisfied dependency expressed through constructor parameter 0; nested exception is org.springframework.beans.factory.NoUniqueBeanDefinitionException: No qualifying bean of type 'com.nhnacademy.edu.springframework.parser.DataParser' available: expected single matching bean but found 2: csvDataParser,JSONDataParser
Exception encountered during context initialization - cancelling refresh attempt: org.springframework.beans.factory.UnsatisfiedDependencyException: Error creating bean with name 'defaultWaterBillChartRepository' defined in file [/Users/gimseonghyeon/Desktop/springAssignment/assignment2/water-charge-carculator/target/classes/com/nhnacademy/edu/springframework/repository/impl/DefaultWaterBillChartRepository.class]: Unsatisfied dependency expressed through constructor parameter 0; nested exception is org.springframework.beans.factory.NoUniqueBeanDefinitionException: No qualifying bean of type 'com.nhnacademy.edu.springframework.parser.DataParser' available: expected single matching bean but found 2: csvDataParser,JSONDataParser
Exception encountered during context initialization - cancelling refresh attempt: org.springframework.beans.factory.UnsatisfiedDependencyException: Error creating bean with name 'defaultWaterBillChartRepository' defined in file [/Users/gimseonghyeon/Desktop/springAssignment/assignment2/water-charge-carculator/target/classes/com/nhnacademy/edu/springframework/repository/impl/DefaultWaterBillChartRepository.class]: Unsatisfied dependency expressed through constructor parameter 0; nested exception is org.springframework.beans.factory.NoUniqueBeanDefinitionException: No qualifying bean of type 'com.nhnacademy.edu.springframework.parser.DataParser' available: expected single matching bean but found 2: csvDataParser,JSONDataParser
Exception encountered during context initialization - cancelling refresh attempt: org.springframework.beans.factory.UnsatisfiedDependencyException: Error creating bean with name 'defaultWaterBillChartRepository' defined in file [/Users/gimseonghyeon/Desktop/springAssignment/assignment2/water-charge-carculator/target/classes/com/nhnacademy/edu/springframework/repository/impl/DefaultWaterBillChartRepository.class]: Unsatisfied dependency expressed through constructor parameter 0; nested exception is org.springframework.beans.factory.NoUniqueBeanDefinitionException: No qualifying bean of type 'com.nhnacademy.edu.springframework.parser.DataParser' available: expected single matching bean but found 2: csvDataParser,JSONDataParser
CsvDataParser.parse 6ms
DefaultWaterBillChartRepository.load 20ms
DefaultWaterBillChartRepository.getWaterBillByUsage 2ms
DefaultWaterBillService.calculateWaterBill 6ms
DefaultWaterBillReport.generateReport 10ms
DefaultWaterBillChartRepository.getWaterBillByUsage 0ms
DefaultWaterBillService.calculateWaterBill 10ms
DefaultWaterBillReport.generateReport 0ms
CsvDataParser.parse 4ms
DefaultWaterBillChartRepository.load 15ms
JsonDataParser.parse 64ms
DefaultWaterBillChartRepository.load 70ms
JsonDataParser.parse 71ms
DefaultWaterBillChartRepository.load 78ms
JsonDataParser.parse 66ms
DefaultWaterBillChartRepository.load 73ms
JsonDataParser.parse 72ms
DefaultWaterBillChartRepository.load 79ms
JsonDataParser.parse 63ms
DefaultWaterBillChartRepository.load 71ms
JsonDataParser.parse 69ms
DefaultWaterBillChartRepository.load 76ms
CsvDataParser.parse 8ms
DefaultWaterBillChartRepository.load 29ms
CsvDataParser.parse 4ms
DefaultWaterBillChartRepository.load 12ms
DefaultWaterBillChartRepository.getWaterBillByUsage 2ms
DefaultWaterBillService.calculateWaterBill 6ms
DefaultWaterBillReport.generateReport 15ms
JsonDataParser.parse 78ms
DefaultWaterBillChartRepository.load 86ms
JsonDataParser.parse 85ms
DefaultWaterBillChartRepository.load 99ms
JsonDataParser.parse 91ms
DefaultWaterBillChartRepository.load 98ms
JsonDataParser.parse 140ms
DefaultWaterBillChartRepository.load 152ms
JsonDataParser.parse 98ms
DefaultWaterBillChartRepository.load 105ms
JsonDataParser.parse 95ms
DefaultWaterBillChartRepository.load 105ms
JsonDataParser.parse 93ms
DefaultWaterBillChartRepository.load 102ms
JsonDataParser.parse 116ms
DefaultWaterBillChartRepository.load 134ms
JsonDataParser.parse 86ms
DefaultWaterBillChartRepository.load 95ms
JsonDataParser.parse 99ms
DefaultWaterBillChartRepository.load 108ms
JsonDataParser.parse 93ms
DefaultWaterBillChartRepository.load 100ms
JsonDataParser.parse 125ms
DefaultWaterBillChartRepository.load 138ms
JsonDataParser.parse 121ms
DefaultWaterBillChartRepository.load 128ms
JsonDataParser.parse 116ms
DefaultWaterBillChartRepository.load 124ms
JsonDataParser.parse 114ms
DefaultWaterBillChartRepository.load 123ms
JsonDataParser.parse 116ms
DefaultWaterBillChartRepository.load 122ms
JsonDataParser.parse 110ms
DefaultWaterBillChartRepository.load 120ms
JsonDataParser.parse 116ms
DefaultWaterBillChartRepository.load 127ms
DefaultWaterBillChartRepository.getWaterBillByUsage 3ms
DefaultWaterBillService.calculateWaterBill 8ms
DefaultWaterBillReport.generateReport 16ms
JsonDataParser.parse 91ms
DefaultWaterBillChartRepository.load 98ms
DefaultWaterBillChartRepository.getWaterBillByUsage 2ms
DefaultWaterBillService.calculateWaterBill 8ms
DefaultWaterBillReport.generateReport 11ms
JsonDataParser.parse 87ms
DefaultWaterBillChartRepository.load 95ms
DefaultWaterBillChartRepository.getWaterBillByUsage 2ms
DefaultWaterBillService.calculateWaterBill 7ms
DefaultWaterBillReport.generateReport 15ms
CsvDataParser.parse 0ms
DefaultWaterBillChartRepository.load 9ms
CsvDataParser.parse 3ms
DefaultWaterBillChartRepository.load 11ms
CsvDataParser.parse 0ms
DefaultWaterBillChartRepository.load 11ms
CsvDataParser.parse 1ms
DefaultWaterBillChartRepository.load 10ms
CsvDataParser.parse 1ms
DefaultWaterBillChartRepository.load 10ms
CsvDataParser.parse 1ms
DefaultWaterBillChartRepository.load 12ms
CsvDataParser.parse 6ms
DefaultWaterBillChartRepository.load 14ms
DefaultWaterBillChartRepository.getWaterBillByUsage 2ms
DefaultWaterBillService.calculateWaterBill 8ms
DefaultWaterBillReport.generateReport 12ms
CsvDataParser.parse 9ms
DefaultWaterBillChartRepository.load 20ms
DefaultWaterBillChartRepository.getWaterBillByUsage 2ms
DefaultWaterBillService.calculateWaterBill 7ms
DefaultWaterBillReport.generateReport 17ms
JsonDataParser.parse 74ms
DefaultWaterBillChartRepository.load 85ms
JsonDataParser.parse 104ms
DefaultWaterBillChartRepository.load 115ms
DefaultWaterBillChartRepository.getWaterBillByUsage 1ms
DefaultWaterBillService.calculateWaterBill 7ms
DefaultWaterBillReport.generateReport 16ms
JsonDataParser.parse 96ms
DefaultWaterBillChartRepository.load 106ms
DefaultWaterBillChartRepository.getWaterBillByUsage 2ms
DefaultWaterBillService.calculateWaterBill 8ms
DefaultWaterBillReport.generateReport 18ms
Exception encountered during context initialization - cancelling refresh attempt: org.springframework.beans.factory.UnsatisfiedDependencyException: Error creating bean with name 'defaultWaterBillChartRepository' defined in file [/Users/gimseonghyeon/Desktop/springAssignment/assignment2/water-charge-carculator/target/classes/com/nhnacademy/edu/springframework/repository/impl/DefaultWaterBillChartRepository.class]: Unsatisfied dependency expressed through constructor parameter 0; nested exception is org.springframework.beans.factory.NoSuchBeanDefinitionException: No qualifying bean of type 'com.nhnacademy.edu.springframework.parser.DataParser' available: expected at least 1 bean which qualifies as autowire candidate. Dependency annotations: {}
Exception encountered during context initialization - cancelling refresh attempt: org.springframework.beans.factory.UnsatisfiedDependencyException: Error creating bean with name 'defaultWaterBillChartRepository' defined in file [/Users/gimseonghyeon/Desktop/springAssignment/assignment2/water-charge-carculator/target/classes/com/nhnacademy/edu/springframework/repository/impl/DefaultWaterBillChartRepository.class]: Unsatisfied dependency expressed through constructor parameter 0; nested exception is org.springframework.beans.factory.NoSuchBeanDefinitionException: No qualifying bean of type 'com.nhnacademy.edu.springframework.parser.DataParser' available: expected at least 1 bean which qualifies as autowire candidate. Dependency annotations: {}
CsvDataParser.parse 0ms
DefaultWaterBillChartRepository.load 9ms
Exception encountered during context initialization - cancelling refresh attempt: org.springframework.beans.factory.UnsatisfiedDependencyException: Error creating bean with name 'dataParserSetter' defined in file [/Users/gimseonghyeon/Desktop/springAssignment/assignment2/water-charge-carculator/target/classes/com/nhnacademy/edu/springframework/aspect/DataParserSetter.class]: Unsatisfied dependency expressed through constructor parameter 1; nested exception is org.springframework.beans.factory.BeanNotOfRequiredTypeException: Bean named 'csvDataParser' is expected to be of type 'com.nhnacademy.edu.springframework.parser.impl.CsvDataParser' but was actually of type 'com.sun.proxy.$Proxy24'
DefaultWaterBillChartRepository.setDataParser 0ms
DefaultWaterBillChartRepository.setDataParser 0ms
DefaultWaterBillChartRepository.setDataParser 0ms
DefaultWaterBillChartRepository.setDataParser 0ms
DefaultWaterBillChartRepository.setDataParser 0ms
DefaultWaterBillChartRepository.setDataParser 0ms
DefaultWaterBillChartRepository.setDataParser 0ms
DefaultWaterBillChartRepository.setDataParser 0ms
DefaultWaterBillChartRepository.setDataParser 0ms
DefaultWaterBillChartRepository.setDataParser 0ms
DefaultWaterBillChartRepository.setDataParser 0ms
DefaultWaterBillChartRepository.setDataParser 0ms
DefaultWaterBillChartRepository.setDataParser 0ms
DefaultWaterBillChartRepository.setDataParser 0ms
CsvDataParser.parse 0ms
DefaultWaterBillChartRepository.load 1ms
DefaultWaterBillChartRepository.setDataParser 0ms
JsonDataParser.parse 96ms
DefaultWaterBillChartRepository.load 96ms
DefaultWaterBillChartRepository.getWaterBillByUsage 2ms
DefaultWaterBillService.calculateWaterBill 8ms
DefaultWaterBillReport.generateReport 11ms
DefaultWaterBillChartRepository.setDataParser 0ms
JsonDataParser.parse 90ms
DefaultWaterBillChartRepository.load 90ms
DefaultWaterBillChartRepository.getWaterBillByUsage 2ms
DefaultWaterBillService.calculateWaterBill 9ms
DefaultWaterBillReport.generateReport 16ms
DefaultWaterBillChartRepository.setDataParser 0ms
JsonDataParser.parse 88ms
DefaultWaterBillChartRepository.load 88ms
DefaultWaterBillChartRepository.setDataParser 0ms
JsonDataParser.parse 90ms
DefaultWaterBillChartRepository.load 90ms
DefaultWaterBillChartRepository.getWaterBillByUsage 2ms
DefaultWaterBillService.calculateWaterBill 8ms
DefaultWaterBillReport.generateReport 18ms
DefaultWaterBillChartRepository.setDataParser 0ms
CsvDataParser.parse 7ms
DefaultWaterBillChartRepository.load 7ms
DefaultWaterBillChartRepository.getWaterBillByUsage 2ms
DefaultWaterBillService.calculateWaterBill 9ms
DefaultWaterBillReport.generateReport 15ms
DefaultWaterBillChartRepository.setDataParser 0ms
JsonDataParser.parse 95ms
DefaultWaterBillChartRepository.load 95ms
DefaultWaterBillChartRepository.getWaterBillByUsage 1ms
DefaultWaterBillService.calculateWaterBill 7ms
DefaultWaterBillReport.generateReport 9ms
DefaultWaterBillChartRepository.setDataParser 0ms
JsonDataParser.parse 98ms
DefaultWaterBillChartRepository.load 98ms
DefaultWaterBillChartRepository.getWaterBillByUsage 1ms
DefaultWaterBillService.calculateWaterBill 7ms
DefaultWaterBillReport.generateReport 6ms
DefaultWaterBillChartRepository.setDataParser 0ms
JsonDataParser.parse 99ms
DefaultWaterBillChartRepository.load 99ms
DefaultWaterBillChartRepository.getWaterBillByUsage 2ms
DefaultWaterBillService.calculateWaterBill 8ms
DefaultWaterBillReport.generateReport 11ms
DefaultWaterBillChartRepository.setDataParser 0ms
JsonDataParser.parse 94ms
DefaultWaterBillChartRepository.load 94ms
DefaultWaterBillChartRepository.getWaterBillByUsage 2ms
DefaultWaterBillService.calculateWaterBill 9ms
WaterBill{city='고령군', sector='공업용', unitPrice=370, billTotal=370000}
WaterBill{city='통영시', sector='원정수판매용', unitPrice=413, billTotal=413000}
WaterBill{city='금산군', sector='정수용', unitPrice=433, billTotal=433000}
WaterBill{city='나주시', sector='임시용(상)', unitPrice=433, billTotal=433000}
WaterBill{city='장흥군', sector='임시용(상)', unitPrice=433, billTotal=433000}
DefaultWaterBillReport.generateReport 11ms
DefaultWaterBillChartRepository.setDataParser 0ms
JsonDataParser.parse 96ms
DefaultWaterBillChartRepository.load 96ms
DefaultWaterBillChartRepository.isLoaded 0ms
DefaultWaterBillChartRepository.getWaterBillByUsage 2ms
DefaultWaterBillService.calculateWaterBill 7ms
DefaultWaterBillChartRepository.isLoaded 0ms
DefaultWaterBillReport.generateReport 6ms
DefaultWaterBillChartRepository.setDataParser 0ms
CsvDataParser.parse 6ms
DefaultWaterBillChartRepository.load 6ms
DefaultWaterBillChartRepository.isLoaded 0ms
DefaultWaterBillChartRepository.getWaterBillByUsage 1ms
DefaultWaterBillService.calculateWaterBill 6ms
DefaultWaterBillChartRepository.isLoaded 0ms
DefaultWaterBillReport.generateReport 6ms
DefaultWaterBillChartRepository.setDataParser 0ms
CsvDataParser.parse 7ms
DefaultWaterBillChartRepository.load 8ms
DefaultWaterBillChartRepository.isLoaded 0ms
DefaultWaterBillChartRepository.getWaterBillByUsage 1ms
DefaultWaterBillService.calculateWaterBill 6ms
DefaultWaterBillChartRepository.isLoaded 0ms
DefaultWaterBillReport.generateReport 6ms
DefaultWaterBillChartRepository.setDataParser 0ms
CsvDataParser.parse 6ms
DefaultWaterBillChartRepository.load 6ms
DefaultWaterBillChartRepository.isLoaded 0ms
DefaultWaterBillChartRepository.getWaterBillByUsage 1ms
DefaultWaterBillService.calculateWaterBill 5ms
DefaultWaterBillChartRepository.isLoaded 0ms
DefaultWaterBillReport.generateReport 8ms
Object.methodName 0ms
Object.methodName 0ms
Object.methodName 0ms
Object.methodName 0ms
Object.methodName 0ms
Object.methodName 0ms
Object.methodName 0ms
DefaultWaterBillChartRepository.setDataParser 0ms
CsvDataParser.parse 7ms
DefaultWaterBillChartRepository.load 7ms
DefaultWaterBillChartRepository.isLoaded 0ms
DefaultWaterBillChartRepository.getWaterBillByUsage 1ms
DefaultWaterBillService.calculateWaterBill 3ms
DefaultWaterBillChartRepository.isLoaded 0ms
DefaultWaterBillReport.generateReport 19ms
DefaultWaterBillChartRepository.setDataParser 0ms
CsvDataParser.parse 7ms
DefaultWaterBillChartRepository.load 7ms
DefaultWaterBillChartRepository.isLoaded 0ms
DefaultWaterBillChartRepository.getWaterBillByUsage 1ms
DefaultWaterBillService.calculateWaterBill 3ms
DefaultWaterBillChartRepository.isLoaded 0ms
DefaultWaterBillReport.generateReport 16ms
DefaultWaterBillChartRepository.setDataParser 0ms
CsvDataParser.parse 6ms
DefaultWaterBillChartRepository.load 6ms
DefaultWaterBillChartRepository.isLoaded 0ms
DefaultWaterBillChartRepository.getWaterBillByUsage 3ms
DefaultWaterBillService.calculateWaterBill 6ms
DefaultWaterBillChartRepository.isLoaded 0ms
DefaultWaterBillReport.generateReport 21ms
Object.methodName 0ms
Object.methodName 0ms
Object.methodName 0ms
Object.methodName 0ms
Object.methodName 0ms
Object.methodName 0ms
DefaultWaterBillChartRepository.setDataParser 0ms
CsvDataParser.parse 6ms
DefaultWaterBillChartRepository.load 6ms
DefaultWaterBillChartRepository.isLoaded 0ms
DefaultWaterBillChartRepository.getWaterBillByUsage 2ms
DefaultWaterBillService.calculateWaterBill 4ms
DefaultWaterBillChartRepository.isLoaded 0ms
DefaultWaterBillReport.generateReport 18ms
DefaultWaterBillChartRepository.setDataParser 0ms
CsvDataParser.parse 5ms
DefaultWaterBillChartRepository.load 5ms
DefaultWaterBillChartRepository.isLoaded 0ms
DefaultWaterBillChartRepository.getWaterBillByUsage 2ms
DefaultWaterBillService.calculateWaterBill 5ms
DefaultWaterBillChartRepository.isLoaded 0ms
DefaultWaterBillReport.generateReport 15ms
DefaultWaterBillChartRepository.setDataParser 0ms
JsonDataParser.parse 99ms
DefaultWaterBillChartRepository.load 99ms
DefaultWaterBillChartRepository.isLoaded 0ms
DefaultWaterBillChartRepository.getWaterBillByUsage 2ms
DefaultWaterBillService.calculateWaterBill 4ms
DefaultWaterBillChartRepository.isLoaded 0ms
DefaultWaterBillReport.generateReport 15ms
DefaultWaterBillChartRepository.setDataParser 0ms
JsonDataParser.parse 112ms
DefaultWaterBillChartRepository.load 112ms
